lib/build/intermediates/manifest_merge_blame_file/debug/manifest-merger-blame-debug-report.txt
1<?xml version="1.0" encoding="utf-8"?>
2<manifest xmlns:android="http://schemas.android.com/apk/res/android"
3    package="com.mapwithme.maps.api"
4    android:versionCode="1"
5    android:versionName="1.0" >
6
7    <uses-sdk
8        android:minSdkVersion="16"
8-->lib\AndroidManifest.xml
9        android:targetSdkVersion="29" />
9-->lib\AndroidManifest.xml
10
11    <application />
11-->lib\AndroidManifest.xml:6:5-20
12
13</manifest>